<?xml version="1.0" encoding="UTF-8"?>
<testsuite name="com.main.webmarket.services.BankCardServiceTests" tests="3" skipped="0" failures="0" errors="0" timestamp="2024-05-01T21:15:59" hostname="Tsurais-MacBook-Pro.local" time="0.228">
  <properties/>
  <testcase name="testAddCard_UserDoesNotExist_ShouldThrowException()" classname="com.main.webmarket.services.BankCardServiceTests" time="0.224"/>
  <testcase name="testUpdateCard_CardDoesNotExist_ShouldThrowException()" classname="com.main.webmarket.services.BankCardServiceTests" time="0.002"/>
  <testcase name="testRemoveCard_UserDoesNotExist_ShouldThrowException()" classname="com.main.webmarket.services.BankCardServiceTests" time="0.001"/>
  <system-out><![CDATA[]]></system-out>
  <system-err><![CDATA[]]></system-err>
</testsuite>
